<?xml version="1.0" encoding="UTF-8"?>
<!-- Generated by org.testng.reporters.JUnitReportReporter -->
<testsuite hostname="HARSHAD-PC" failures="0" tests="5" name="TestLayer.BankManagePageTest" time="4.256" errors="0" timestamp="2023-01-10T21:04:31 IST" skipped="0">
  <testcase classname="TestLayer.BankManagePageTest" name="validateManagerPageTest" time="0.462"/>
  <system-out/>
  <testcase classname="TestLayer.BankManagePageTest" name="validateAddCustomerFunctionality" time="0.518"/>
  <system-out/>
  <testcase classname="TestLayer.BankManagePageTest" name="validateAddCustomerFunctionality" time="2.126"/>
  <system-out/>
  <testcase classname="TestLayer.BankManagePageTest" name="validateAddCustomerFunctionality" time="0.561"/>
  <system-out/>
  <testcase classname="TestLayer.BankManagePageTest" name="validateAddCustomerFunctionality" time="0.589"/>
  <system-out/>
</testsuite> <!-- TestLayer.BankManagePageTest -->
