<?xml version="1.0" encoding="UTF-8"?>
<!-- Generated by org.testng.reporters.JUnitReportReporter -->
<testsuite hostname="HARSHAD-PC" failures="0" tests="2" name="StepDefination.HomePageTest" time="0.069" errors="0" timestamp="2023-01-11T17:34:01 IST" skipped="0">
  <testcase classname="StepDefination.HomePageTest" name="user_validate_the_home_page_title" time="0.035"/>
  <system-out/>
  <testcase classname="StepDefination.HomePageTest" name="user_validate_the_home_page_url" time="0.034"/>
  <system-out/>
</testsuite> <!-- StepDefination.HomePageTest -->
