<?xml version="1.0" encoding="UTF-8"?>
<!-- Generated by org.testng.reporters.JUnitReportReporter -->
<testsuite hostname="HARSHAD-PC" failures="0" tests="2" name="TestLayer.HomePageTest" time="0.544" errors="0" timestamp="2023-01-10T21:04:31 IST" skipped="0">
  <testcase classname="TestLayer.HomePageTest" name="validateHomePageTitle" time="0.041"/>
  <system-out/>
  <testcase classname="TestLayer.HomePageTest" name="validateHomePageLogo" time="0.503"/>
  <system-out/>
</testsuite> <!-- TestLayer.HomePageTest -->
